# JRE version: Java(TM) SE Runtime Environment (8.0_73-b02) (build 1.8.0_73-b02)
# Java VM: Java HotSpot(TM) 64-Bit Server VM (25.73-b02 mixed mode linux-amd64 compressed oops)
Heap:
 PSYoungGen      total 27648K, used 4592K [0x00000000e1780000, 0x00000000e3600000, 0x0000000100000000)
  eden space 24064K, 19% used [0x00000000e1780000,0x00000000e1bfc140,0x00000000e2f00000)
  from space 3584K, 0% used [0x00000000e2f00000,0x00000000e2f00000,0x00000000e3280000)
  to   space 3584K, 0% used [0x00000000e3280000,0x00000000e3280000,0x00000000e3600000)
 ParOldGen       total 62976K, used 2185K [0x00000000a4600000, 0x00000000a8380000, 0x00000000e1780000)
  object space 62976K, 3% used [0x00000000a4600000,0x00000000a4822788,0x00000000a8380000)
 Metaspace       used 13975K, capacity 14194K, committed 14464K, reserved 1062912K
  class space    used 1725K, capacity 1815K, committed 1920K, reserved 1048576K
GC Heap History (4 events):
Event: 1.275 GC heap before
{Heap before GC invocations=1 (full 0):
 PSYoungGen      total 27648K, used 8667K [0x00000000e1780000, 0x00000000e3600000, 0x0000000100000000)
  eden space 24064K, 36% used [0x00000000e1780000,0x00000000e1ff6cf8,0x00000000e2f00000)
  from space 3584K, 0% used [0x00000000e3280000,0x00000000e3280000,0x00000000e3600000)
  to   space 3584K, 0% used [0x00000000e2f00000,0x00000000e2f00000,0x00000000e3280000)
 ParOldGen       total 62976K, used 0K [0x00000000a4600000, 0x00000000a8380000, 0x00000000e1780000)
  object space 62976K, 0% used [0x00000000a4600000,0x00000000a4600000,0x00000000a8380000)
 Metaspace       used 12621K, capacity 12820K, committed 12928K, reserved 1060864K
  class space    used 1559K, capacity 1634K, committed 1664K, reserved 1048576K
Event: 1.280 GC heap after
Heap after GC invocations=1 (full 0):
 PSYoungGen      total 27648K, used 2306K [0x00000000e1780000, 0x00000000e3600000, 0x0000000100000000)
  eden space 24064K, 0% used [0x00000000e1780000,0x00000000e1780000,0x00000000e2f00000)
  from space 3584K, 64% used [0x00000000e2f00000,0x00000000e3140830,0x00000000e3280000)
  to   space 3584K, 0% used [0x00000000e3280000,0x00000000e3280000,0x00000000e3600000)
 ParOldGen       total 62976K, used 16K [0x00000000a4600000, 0x00000000a8380000, 0x00000000e1780000)
  object space 62976K, 0% used [0x00000000a4600000,0x00000000a4604000,0x00000000a8380000)
 Metaspace       used 12621K, capacity 12820K, committed 12928K, reserved 1060864K
  class space    used 1559K, capacity 1634K, committed 1664K, reserved 1048576K
}
Event: 1.280 GC heap before
{Heap before GC invocations=2 (full 1):
 PSYoungGen      total 27648K, used 2306K [0x00000000e1780000, 0x00000000e3600000, 0x0000000100000000)
  eden space 24064K, 0% used [0x00000000e1780000,0x00000000e1780000,0x00000000e2f00000)
  from space 3584K, 64% used [0x00000000e2f00000,0x00000000e3140830,0x00000000e3280000)
  to   space 3584K, 0% used [0x00000000e3280000,0x00000000e3280000,0x00000000e3600000)
 ParOldGen       total 62976K, used 16K [0x00000000a4600000, 0x00000000a8380000, 0x00000000e1780000)
  object space 62976K, 0% used [0x00000000a4600000,0x00000000a4604000,0x00000000a8380000)
 Metaspace       used 12621K, capacity 12820K, committed 12928K, reserved 1060864K
  class space    used 1559K, capacity 1634K, committed 1664K, reserved 1048576K
Event: 1.294 GC heap after
Heap after GC invocations=2 (full 1):
 PSYoungGen      total 27648K, used 0K [0x00000000e1780000, 0x00000000e3600000, 0x0000000100000000)
  eden space 24064K, 0% used [0x00000000e1780000,0x00000000e1780000,0x00000000e2f00000)
  from space 3584K, 0% used [0x00000000e2f00000,0x00000000e2f00000,0x00000000e3280000)
  to   space 3584K, 0% used [0x00000000e3280000,0x00000000e3280000,0x00000000e3600000)
 ParOldGen       total 62976K, used 2185K [0x00000000a4600000, 0x00000000a8380000, 0x00000000e1780000)
  object space 62976K, 3% used [0x00000000a4600000,0x00000000a4822788,0x00000000a8380000)
 Metaspace       used 12621K, capacity 12820K, committed 12928K, reserved 1060864K
  class space    used 1559K, capacity 1634K, committed 1664K, reserved 1048576K
}

